{"C:\\Users\\avanz\\vuetestingvideo\\src\\App.vue": {"path":"C:\\Users\\avanz\\vuetestingvideo\\src\\App.vue","statementMap":{"0":{"start":{"line":4,"column":0},"end":{"line":6,"column":3}},"1":{"start":{"line":7,"column":0},"end":{"line":7,"column":25}},"2":{"start":{"line":12,"column":15},"end":{"line":26,"column":1}},"3":{"start":{"line":29,"column":0},"end":{"line":29,"column":13}},"4":{"start":{"line":31,"column":0},"end":{"line":33,"column":3}},"5":{"start":{"line":34,"column":0},"end":{"line":34,"column":24}},"6":{"start":{"line":35,"column":11},"end":{"line":35,"column":25}},"7":{"start":{"line":37,"column":30},"end":{"line":37,"column":68}},"8":{"start":{"line":38,"column":2},"end":{"line":38,"column":75}},"9":{"start":{"line":39,"column":2},"end":{"line":39,"column":49}}},"fnMap":{"0":{"name":"render","decl":{"start":{"line":36,"column":9},"end":{"line":36,"column":15}},"loc":{"start":{"line":36,"column":30},"end":{"line":39,"column":1}},"line":36}},"branchMap":{},"s":{"0":1,"1":1,"2":1,"3":1,"4":1,"5":1,"6":1,"7":0,"8":0,"9":1},"f":{"0":0},"b":{},"inputSourceMap":{"0":"{","1":"\"","2":"v","3":"e","4":"r","5":"s","6":"i","7":"o","8":"n","9":"\"","10":":","11":"3","12":",","13":"\"","14":"s","15":"o","16":"u","17":"r","18":"c","19":"e","20":"s","21":"\"","22":":","23":"[","24":"\"","25":"C","26":":","27":"\\","28":"\\","29":"U","30":"s","31":"e","32":"r","33":"s","34":"\\","35":"\\","36":"a","37":"v","38":"a","39":"n","40":"z","41":"\\","42":"\\","43":"v","44":"u","45":"e","46":"t","47":"e","48":"s","49":"t","50":"i","51":"n","52":"g","53":"v","54":"i","55":"d","56":"e","57":"o","58":"\\","59":"\\","60":"s","61":"r","62":"c","63":"\\","64":"\\","65":"A","66":"p","67":"p","68":".","69":"v","70":"u","71":"e","72":"\"","73":"]","74":",","75":"\"","76":"n","77":"a","78":"m","79":"e","80":"s","81":"\"","82":":","83":"[","84":"]","85":",","86":"\"","87":"m","88":"a","89":"p","90":"p","91":"i","92":"n","93":"g","94":"s","95":"\"","96":":","97":"\"","98":";","99":";","100":";","101":";","102":";","103":";","104":";","105":"A","106":"A","107":"K","108":"A","109":";","110":"A","111":"A","112":"A","113":"A","114":";","115":"A","116":"A","117":"A","118":"A","119":";","120":"A","121":"A","122":"A","123":"i","124":"D","125":";","126":"A","127":"A","128":"A","129":"A","130":",","131":"e","132":"A","133":"G","134":"l","135":"C","136":";","137":"E","138":"A","139":"C","140":"X","141":",","142":"I","143":"A","144":"A","145":"I","146":",","147":"E","148":"A","149":"A","150":"E","151":",","152":"K","153":"A","154":"A","155":"K","156":";","157":"E","158":"A","159":"C","160":"X","161":",","162":"K","163":"A","164":"A","165":"K","166":",","167":"E","168":"A","169":"A","170":"E","171":";","172":"I","173":"A","174":"A","175":"E","176":",","177":"K","178":"A","179":"A","180":"K","181":",","182":"E","183":"A","184":"A","185":"E","186":";","187":"M","188":"A","189":"A","190":"E","191":",","192":"I","193":"A","194":"A","195":"I","196":",","197":"E","198":"A","199":"A","200":"E","201":";","202":"I","203":"A","204":"A","205":"Q","206":";","207":"E","208":"A","209":"A","210":"G","211":",","212":"C","213":"A","214":"A","215":"C","216":";","217":"E","218":"A","219":"C","220":"p","221":"C","222":",","223":"U","224":"A","225":"A","226":"U","227":",","228":"E","229":"A","230":"A","231":"E","232":";","233":"I","234":"A","235":"A","236":"E","237":",","238":"Q","239":"A","240":"A","241":"Q","242":";","243":"I","244":"A","245":"A","246":"R","247":";","248":"I","249":"A","250":"A","251":"A","252":";","253":"I","254":"A","255":"A","256":"A","257":";","258":"I","259":"A","260":"A","261":"A","262":";","263":"E","264":"A","265":"A","266":"S","267":";","268":"A","269":"A","270":"C","271":"3","272":"B","273":",","274":"C","275":"A","276":"A","277":"C","278":";","279":"A","280":"A","281":"A","282":"A","283":";","284":"A","285":"A","286":"A","287":"A","288":"\"","289":",","290":"\"","291":"f","292":"i","293":"l","294":"e","295":"\"","296":":","297":"\"","298":"C","299":":","300":"\\","301":"\\","302":"U","303":"s","304":"e","305":"r","306":"s","307":"\\","308":"\\","309":"a","310":"v","311":"a","312":"n","313":"z","314":"\\","315":"\\","316":"v","317":"u","318":"e","319":"t","320":"e","321":"s","322":"t","323":"i","324":"n","325":"g","326":"v","327":"i","328":"d","329":"e","330":"o","331":"\\","332":"\\","333":"s","334":"r","335":"c","336":"\\","337":"\\","338":"A","339":"p","340":"p","341":".","342":"v","343":"u","344":"e","345":"\"","346":",","347":"\"","348":"s","349":"o","350":"u","351":"r","352":"c","353":"e","354":"s","355":"C","356":"o","357":"n","358":"t","359":"e","360":"n","361":"t","362":"\"","363":":","364":"[","365":"\"","366":"<","367":"t","368":"e","369":"m","370":"p","371":"l","372":"a","373":"t","374":"e","375":">","376":"\\","377":"n","378":"<","379":"c","380":"o","381":"n","382":"t","383":"a","384":"d","385":"o","386":"r","387":" ","388":"/","389":">","390":"\\","391":"n","392":"<","393":"/","394":"t","395":"e","396":"m","397":"p","398":"l","399":"a","400":"t","401":"e","402":">","403":"\\","404":"n","405":"\\","406":"n","407":"<","408":"s","409":"c","410":"r","411":"i","412":"p","413":"t","414":">","415":"\\","416":"n","417":"i","418":"m","419":"p","420":"o","421":"r","422":"t","423":" ","424":"C","425":"o","426":"n","427":"t","428":"a","429":"d","430":"o","431":"r","432":" ","433":"f","434":"r","435":"o","436":"m","437":" ","438":"'","439":".","440":"/","441":"c","442":"o","443":"m","444":"p","445":"o","446":"n","447":"e","448":"n","449":"t","450":"s","451":"/","452":"C","453":"o","454":"n","455":"t","456":"a","457":"d","458":"o","459":"r","460":".","461":"v","462":"u","463":"e","464":"'","465":";","466":"\\","467":"n","468":"\\","469":"n","470":"\\","471":"n","472":"e","473":"x","474":"p","475":"o","476":"r","477":"t","478":" ","479":"d","480":"e","481":"f","482":"a","483":"u","484":"l","485":"t","486":" ","487":"{","488":"\\","489":"n","490":" ","491":" ","492":" ","493":" ","494":"n","495":"a","496":"m","497":"e","498":":","499":" ","500":"\\","501":"\"","502":"A","503":"p","504":"p","505":"\\","506":"\"","507":",","508":"\\","509":"n","510":" ","511":" ","512":" ","513":" ","514":"p","515":"r","516":"o","517":"p","518":"s","519":":","520":" ","521":"{","522":" ","523":"c","524":"o","525":"u","526":"n","527":"t","528":":","529":" ","530":"{","531":" ","532":"t","533":"y","534":"p","535":"e","536":":","537":" ","538":"N","539":"u","540":"m","541":"b","542":"e","543":"r","544":",","545":" ","546":"}","547":",","548":" ","549":"}","550":",","551":"\\","552":"n","553":" ","554":" ","555":" ","556":" ","557":"c","558":"o","559":"m","560":"p","561":"o","562":"n","563":"e","564":"n","565":"t","566":"s","567":":","568":" ","569":"{","570":" ","571":"C","572":"o","573":"n","574":"t","575":"a","576":"d","577":"o","578":"r","579":" ","580":"}","581":"\\","582":"n","583":"}","584":"\\","585":"n","586":"<","587":"/","588":"s","589":"c","590":"r","591":"i","592":"p","593":"t","594":">","595":"\\","596":"n","597":"\\","598":"n","599":"<","600":"s","601":"t","602":"y","603":"l","604":"e","605":">","606":"\\","607":"n","608":"#","609":"a","610":"p","611":"p","612":" ","613":"{","614":"\\","615":"n","616":" ","617":" ","618":"f","619":"o","620":"n","621":"t","622":"-","623":"f","624":"a","625":"m","626":"i","627":"l","628":"y","629":":","630":" ","631":"A","632":"v","633":"e","634":"n","635":"i","636":"r","637":",","638":" ","639":"H","640":"e","641":"l","642":"v","643":"e","644":"t","645":"i","646":"c","647":"a","648":",","649":" ","650":"A","651":"r","652":"i","653":"a","654":"l","655":",","656":" ","657":"s","658":"a","659":"n","660":"s","661":"-","662":"s","663":"e","664":"r","665":"i","666":"f","667":";","668":"\\","669":"n","670":" ","671":" ","672":"-","673":"w","674":"e","675":"b","676":"k","677":"i","678":"t","679":"-","680":"f","681":"o","682":"n","683":"t","684":"-","685":"s","686":"m","687":"o","688":"o","689":"t","690":"h","691":"i","692":"n","693":"g","694":":","695":" ","696":"a","697":"n","698":"t","699":"i","700":"a","701":"l","702":"i","703":"a","704":"s","705":"e","706":"d","707":";","708":"\\","709":"n","710":" ","711":" ","712":"-","713":"m","714":"o","715":"z","716":"-","717":"o","718":"s","719":"x","720":"-","721":"f","722":"o","723":"n","724":"t","725":"-","726":"s","727":"m","728":"o","729":"o","730":"t","731":"h","732":"i","733":"n","734":"g","735":":","736":" ","737":"g","738":"r","739":"a","740":"y","741":"s","742":"c","743":"a","744":"l","745":"e","746":";","747":"\\","748":"n","749":" ","750":" ","751":"t","752":"e","753":"x","754":"t","755":"-","756":"a","757":"l","758":"i","759":"g","760":"n","761":":","762":" ","763":"c","764":"e","765":"n","766":"t","767":"e","768":"r","769":";","770":"\\","771":"n","772":" ","773":" ","774":"c","775":"o","776":"l","777":"o","778":"r","779":":","780":" ","781":"#","782":"2","783":"c","784":"3","785":"e","786":"5","787":"0","788":";","789":"\\","790":"n","791":" ","792":" ","793":"m","794":"a","795":"r","796":"g","797":"i","798":"n","799":"-","800":"t","801":"o","802":"p","803":":","804":" ","805":"6","806":"0","807":"p","808":"x","809":";","810":"\\","811":"n","812":"}","813":"\\","814":"n","815":"<","816":"/","817":"s","818":"t","819":"y","820":"l","821":"e","822":">","823":"\\","824":"n","825":"\"","826":"]","827":"}"},"_coverageSchema":"1a1c01bbd47fc00a2c39e90264f33305004495a9","hash":"8f32456ba7fb2129c7da6d45f60fae66683c995a"}
,"C:\\Users\\avanz\\vuetestingvideo\\src\\components\\Contador.vue": {"path":"C:\\Users\\avanz\\vuetestingvideo\\src\\components\\Contador.vue","statementMap":{"0":{"start":{"line":4,"column":0},"end":{"line":6,"column":3}},"1":{"start":{"line":7,"column":0},"end":{"line":7,"column":25}},"2":{"start":{"line":8,"column":15},"end":{"line":13,"column":1}},"3":{"start":{"line":9,"column":15},"end":{"line":12,"column":3}},"4":{"start":{"line":16,"column":0},"end":{"line":16,"column":13}},"5":{"start":{"line":18,"column":0},"end":{"line":20,"column":3}},"6":{"start":{"line":21,"column":0},"end":{"line":21,"column":24}},"7":{"start":{"line":22,"column":11},"end":{"line":22,"column":25}},"8":{"start":{"line":24,"column":2},"end":{"line":24,"column":188}},"9":{"start":{"line":25,"column":2},"end":{"line":25,"column":49}}},"fnMap":{"0":{"name":"(anonymous_0)","decl":{"start":{"line":9,"column":8},"end":{"line":9,"column":9}},"loc":{"start":{"line":9,"column":15},"end":{"line":12,"column":3}},"line":9},"1":{"name":"render","decl":{"start":{"line":23,"column":9},"end":{"line":23,"column":15}},"loc":{"start":{"line":23,"column":30},"end":{"line":25,"column":1}},"line":23}},"branchMap":{"0":{"loc":{"start":{"line":24,"column":144},"end":{"line":24,"column":171}},"type":"cond-expr","locations":[{"start":{"line":24,"column":157},"end":{"line":24,"column":167}},{"start":{"line":24,"column":170},"end":{"line":24,"column":171}}],"line":24}},"s":{"0":2,"1":2,"2":2,"3":1,"4":2,"5":2,"6":2,"7":2,"8":1,"9":2},"f":{"0":1,"1":1},"b":{"0":[1,0]},"inputSourceMap":{"0":"{","1":"\"","2":"v","3":"e","4":"r","5":"s","6":"i","7":"o","8":"n","9":"\"","10":":","11":"3","12":",","13":"\"","14":"s","15":"o","16":"u","17":"r","18":"c","19":"e","20":"s","21":"\"","22":":","23":"[","24":"\"","25":"C","26":":","27":"\\","28":"\\","29":"U","30":"s","31":"e","32":"r","33":"s","34":"\\","35":"\\","36":"a","37":"v","38":"a","39":"n","40":"z","41":"\\","42":"\\","43":"v","44":"u","45":"e","46":"t","47":"e","48":"s","49":"t","50":"i","51":"n","52":"g","53":"v","54":"i","55":"d","56":"e","57":"o","58":"\\","59":"\\","60":"s","61":"r","62":"c","63":"\\","64":"\\","65":"c","66":"o","67":"m","68":"p","69":"o","70":"n","71":"e","72":"n","73":"t","74":"s","75":"\\","76":"\\","77":"C","78":"o","79":"n","80":"t","81":"a","82":"d","83":"o","84":"r","85":".","86":"v","87":"u","88":"e","89":"\"","90":"]","91":",","92":"\"","93":"n","94":"a","95":"m","96":"e","97":"s","98":"\"","99":":","100":"[","101":"]","102":",","103":"\"","104":"m","105":"a","106":"p","107":"p","108":"i","109":"n","110":"g","111":"s","112":"\"","113":":","114":"\"","115":";","116":";","117":";","118":";","119":";","120":";","121":";","122":"e","123":"A","124":"K","125":"e","126":";","127":"E","128":"A","129":"C","130":"d","131":",","132":"I","133":"A","134":"A","135":"I","136":",","137":"E","138":"A","139":"A","140":"E","141":",","142":"O","143":"A","144":"A","145":"K","146":";","147":"I","148":"A","149":"C","150":"R","151":",","152":"G","153":"A","154":"A","155":"G","156":",","157":"E","158":"A","159":"A","160":"E","161":",","162":"S","163":"A","164":"A","165":"S","166":";","167":"I","168":"A","169":"C","170":"d","171":",","172":"K","173":"A","174":"A","175":"K","176":",","177":"E","178":"A","179":"A","180":"E","181":";","182":"E","183":"A","184":"C","185":"V","186":",","187":"C","188":"A","189":"A","190":"C","191":";","192":"A","193":"A","194":"G","195":"F","196":",","197":"C","198":"A","199":"A","200":"C","201":";","202":"A","203":"A","204":"A","205":"A","206":";","207":"A","208":"A","209":"A","210":"A","211":"\"","212":",","213":"\"","214":"f","215":"i","216":"l","217":"e","218":"\"","219":":","220":"\"","221":"C","222":":","223":"\\","224":"\\","225":"U","226":"s","227":"e","228":"r","229":"s","230":"\\","231":"\\","232":"a","233":"v","234":"a","235":"n","236":"z","237":"\\","238":"\\","239":"v","240":"u","241":"e","242":"t","243":"e","244":"s","245":"t","246":"i","247":"n","248":"g","249":"v","250":"i","251":"d","252":"e","253":"o","254":"\\","255":"\\","256":"s","257":"r","258":"c","259":"\\","260":"\\","261":"c","262":"o","263":"m","264":"p","265":"o","266":"n","267":"e","268":"n","269":"t","270":"s","271":"\\","272":"\\","273":"C","274":"o","275":"n","276":"t","277":"a","278":"d","279":"o","280":"r","281":".","282":"v","283":"u","284":"e","285":"\"","286":",","287":"\"","288":"s","289":"o","290":"u","291":"r","292":"c","293":"e","294":"s","295":"C","296":"o","297":"n","298":"t","299":"e","300":"n","301":"t","302":"\"","303":":","304":"[","305":"\"","306":"<","307":"t","308":"e","309":"m","310":"p","311":"l","312":"a","313":"t","314":"e","315":">","316":"\\","317":"r","318":"\\","319":"n","320":"<","321":"h","322":"1","323":">","324":"{","325":"{","326":"m","327":"s","328":"g","329":"}","330":"}","331":":","332":" ","333":"{","334":"{","335":" ","336":"c","337":"o","338":"u","339":"n","340":"t","341":" ","342":"?","343":" ","344":"c","345":"o","346":"u","347":"n","348":"t","349":" ","350":":","351":"0","352":" ","353":"}","354":"}","355":"<","356":"/","357":"h","358":"1","359":">","360":"\\","361":"r","362":"\\","363":"n","364":"<","365":"/","366":"t","367":"e","368":"m","369":"p","370":"l","371":"a","372":"t","373":"e","374":">","375":"\\","376":"r","377":"\\","378":"n","379":"\\","380":"r","381":"\\","382":"n","383":"<","384":"s","385":"c","386":"r","387":"i","388":"p","389":"t","390":" ","391":">","392":"\\","393":"r","394":"\\","395":"n","396":"e","397":"x","398":"p","399":"o","400":"r","401":"t","402":" ","403":"d","404":"e","405":"f","406":"a","407":"u","408":"l","409":"t","410":" ","411":"{","412":"\\","413":"r","414":"\\","415":"n","416":" ","417":"d","418":"a","419":"t","420":"a","421":":","422":" ","423":"(","424":")","425":"=","426":">","427":"(","428":"{","429":"\\","430":"r","431":"\\","432":"n","433":" ","434":" ","435":" ","436":" ","437":"m","438":"s","439":"g","440":":","441":" ","442":"\\","443":"\"","444":"C","445":"o","446":"u","447":"n","448":"t","449":"e","450":"r","451":"\\","452":"\"","453":",","454":"\\","455":"r","456":"\\","457":"n","458":" ","459":" ","460":" ","461":" ","462":"c","463":"o","464":"u","465":"n","466":"t","467":":","468":" ","469":"1","470":",","471":"\\","472":"r","473":"\\","474":"n","475":" ","476":"}","477":")","478":",","479":"\\","480":"r","481":"\\","482":"n","483":" ","484":" ","485":" ","486":" ","487":"\\","488":"r","489":"\\","490":"n","491":" ","492":" ","493":" ","494":"\\","495":"r","496":"\\","497":"n","498":"}","499":"\\","500":"r","501":"\\","502":"n","503":"<","504":"/","505":"s","506":"c","507":"r","508":"i","509":"p","510":"t","511":">","512":"\\","513":"r","514":"\\","515":"n","516":"\\","517":"r","518":"\\","519":"n","520":"<","521":"s","522":"t","523":"y","524":"l","525":"e","526":" ","527":">","528":"\\","529":"r","530":"\\","531":"n","532":"\\","533":"r","534":"\\","535":"n","536":"<","537":"/","538":"s","539":"t","540":"y","541":"l","542":"e","543":">","544":"\"","545":"]","546":"}"},"_coverageSchema":"1a1c01bbd47fc00a2c39e90264f33305004495a9","hash":"e23efacc15b52508cc6c0066552cc4ed1e78edcd"}
}
